2018-01-24 20:38:30,764 [Thread-81:139693138040576] [django.request:256] [base:handle_uncaught_exception] [ERROR]- Internal Server Error: /quantization/main_handler/
Traceback (most recent call last):
  File "/root/.virtualenvs/student/lib/python3.5/site-packages/django/core/handlers/base.py", line 132, in get_response
    response = wrapped_callback(request, *callback_args, **callback_kwargs)
  File "/root/.virtualenvs/student/lib/python3.5/site-packages/django/views/decorators/csrf.py", line 58, in wrapped_view
    return view_func(*args, **kwargs)
  File "/root/student/quantization/views.py", line 75, in main_handler
    StudentAnswer.objects.create(**data)
  File "/root/.virtualenvs/student/lib/python3.5/site-packages/django/db/models/manager.py", line 127, in manager_method
    return getattr(self.get_queryset(), name)(*args, **kwargs)
  File "/root/.virtualenvs/student/lib/python3.5/site-packages/django/db/models/query.py", line 346, in create
    obj = self.model(**kwargs)
  File "/root/.virtualenvs/student/lib/python3.5/site-packages/django/db/models/base.py", line 468, in __init__
    setattr(self, field.name, rel_obj)
  File "/root/.virtualenvs/student/lib/python3.5/site-packages/django/db/models/fields/related.py", line 635, in __set__
    self.field.rel.to._meta.object_name,
ValueError: Cannot assign "'3'": "StudentAnswer.studentId" must be a "StudentInfo" instance.
2018-01-24 20:39:07,180 [Thread-82:139693138040576] [django.request:170] [base:get_response] [WARNING]- Not Found: /user/login/
2018-01-24 20:39:34,488 [Thread-90:139693138040576] [django.request:256] [base:handle_uncaught_exception] [ERROR]- Internal Server Error: /quantization/main_handler/
Traceback (most recent call last):
  File "/root/.virtualenvs/student/lib/python3.5/site-packages/django/core/handlers/base.py", line 132, in get_response
    response = wrapped_callback(request, *callback_args, **callback_kwargs)
  File "/root/.virtualenvs/student/lib/python3.5/site-packages/django/views/decorators/csrf.py", line 58, in wrapped_view
    return view_func(*args, **kwargs)
  File "/root/student/quantization/views.py", line 75, in main_handler
    StudentAnswer.objects.create(**data)
  File "/root/.virtualenvs/student/lib/python3.5/site-packages/django/db/models/manager.py", line 127, in manager_method
    return getattr(self.get_queryset(), name)(*args, **kwargs)
  File "/root/.virtualenvs/student/lib/python3.5/site-packages/django/db/models/query.py", line 346, in create
    obj = self.model(**kwargs)
  File "/root/.virtualenvs/student/lib/python3.5/site-packages/django/db/models/base.py", line 468, in __init__
    setattr(self, field.name, rel_obj)
  File "/root/.virtualenvs/student/lib/python3.5/site-packages/django/db/models/fields/related.py", line 635, in __set__
    self.field.rel.to._meta.object_name,
ValueError: Cannot assign "'3'": "StudentAnswer.studentId" must be a "StudentInfo" instance.
2018-01-24 20:44:31,649 [Thread-2:140449713133312] [django.request:256] [base:handle_uncaught_exception] [ERROR]- Internal Server Error: /quantization/main_handler/
Traceback (most recent call last):
  File "/root/.virtualenvs/student/lib/python3.5/site-packages/django/core/handlers/base.py", line 132, in get_response
    response = wrapped_callback(request, *callback_args, **callback_kwargs)
  File "/root/.virtualenvs/student/lib/python3.5/site-packages/django/views/decorators/csrf.py", line 58, in wrapped_view
    return view_func(*args, **kwargs)
  File "/root/student/quantization/views.py", line 75, in main_handler
    StudentAnswer.objects.create(pk=studentId, **data)
  File "/root/.virtualenvs/student/lib/python3.5/site-packages/django/db/models/manager.py", line 127, in manager_method
    return getattr(self.get_queryset(), name)(*args, **kwargs)
  File "/root/.virtualenvs/student/lib/python3.5/site-packages/django/db/models/query.py", line 346, in create
    obj = self.model(**kwargs)
  File "/root/.virtualenvs/student/lib/python3.5/site-packages/django/db/models/base.py", line 468, in __init__
    setattr(self, field.name, rel_obj)
  File "/root/.virtualenvs/student/lib/python3.5/site-packages/django/db/models/fields/related.py", line 635, in __set__
    self.field.rel.to._meta.object_name,
ValueError: Cannot assign "'3'": "StudentAnswer.studentId" must be a "StudentInfo" instance.
2018-01-24 20:55:45,313 [Thread-2:140638972540672] [django.request:256] [base:handle_uncaught_exception] [ERROR]- Internal Server Error: /quantization/main_handler/
Traceback (most recent call last):
  File "/root/.virtualenvs/student/lib/python3.5/site-packages/django/core/handlers/base.py", line 132, in get_response
    response = wrapped_callback(request, *callback_args, **callback_kwargs)
  File "/root/.virtualenvs/student/lib/python3.5/site-packages/django/views/decorators/csrf.py", line 58, in wrapped_view
    return view_func(*args, **kwargs)
  File "/root/student/quantization/views.py", line 75, in main_handler
    StudentAnswer.objects.create(pk=StudentInfo.objects.get(studentId=studentId), **data)
  File "/root/.virtualenvs/student/lib/python3.5/site-packages/django/db/models/manager.py", line 127, in manager_method
    return getattr(self.get_queryset(), name)(*args, **kwargs)
  File "/root/.virtualenvs/student/lib/python3.5/site-packages/django/db/models/query.py", line 346, in create
    obj = self.model(**kwargs)
  File "/root/.virtualenvs/student/lib/python3.5/site-packages/django/db/models/base.py", line 468, in __init__
    setattr(self, field.name, rel_obj)
  File "/root/.virtualenvs/student/lib/python3.5/site-packages/django/db/models/fields/related.py", line 635, in __set__
    self.field.rel.to._meta.object_name,
ValueError: Cannot assign "'3'": "StudentAnswer.studentId" must be a "StudentInfo" instance.
2018-01-24 20:56:22,695 [Thread-2:140079553050368] [django.request:256] [base:handle_uncaught_exception] [ERROR]- Internal Server Error: /quantization/main_handler/
Traceback (most recent call last):
  File "/root/.virtualenvs/student/lib/python3.5/site-packages/django/core/handlers/base.py", line 132, in get_response
    response = wrapped_callback(request, *callback_args, **callback_kwargs)
  File "/root/.virtualenvs/student/lib/python3.5/site-packages/django/views/decorators/csrf.py", line 58, in wrapped_view
    return view_func(*args, **kwargs)
  File "/root/student/quantization/views.py", line 75, in main_handler
    StudentAnswer.objects.create(studentId=StudentInfo.objects.get(studentId=studentId), **data)
TypeError: create() got multiple values for keyword argument 'studentId'
2018-01-24 20:59:19,487 [Thread-2:139807335388928] [django.request:256] [base:handle_uncaught_exception] [ERROR]- Internal Server Error: /quantization/main_handler/
Traceback (most recent call last):
  File "/root/.virtualenvs/student/lib/python3.5/site-packages/django/db/models/options.py", line 552, in get_field
    return self.fields_map[field_name]
KeyError: 'zcdd'

During handling of the above exception, another exception occurred:

Traceback (most recent call last):
  File "/root/.virtualenvs/student/lib/python3.5/site-packages/django/core/handlers/base.py", line 132, in get_response
    response = wrapped_callback(request, *callback_args, **callback_kwargs)
  File "/root/.virtualenvs/student/lib/python3.5/site-packages/django/views/decorators/csrf.py", line 58, in wrapped_view
    return view_func(*args, **kwargs)
  File "/root/student/quantization/views.py", line 79, in main_handler
    StudentAnswer.objects.update(**data)
  File "/root/.virtualenvs/student/lib/python3.5/site-packages/django/db/models/manager.py", line 127, in manager_method
    return getattr(self.get_queryset(), name)(*args, **kwargs)
  File "/root/.virtualenvs/student/lib/python3.5/site-packages/django/db/models/query.py", line 561, in update
    query.add_update_values(kwargs)
  File "/root/.virtualenvs/student/lib/python3.5/site-packages/django/db/models/sql/subqueries.py", line 122, in add_update_values
    field = self.get_meta().get_field(name)
  File "/root/.virtualenvs/student/lib/python3.5/site-packages/django/db/models/options.py", line 554, in get_field
    raise FieldDoesNotExist('%s has no field named %r' % (self.object_name, field_name))
django.core.exceptions.FieldDoesNotExist: StudentAnswer has no field named 'zcdd'
2018-01-25 10:50:45,279 [Thread-2:140032004032256] [django.request:170] [base:get_response] [WARNING]- Not Found: /user/login/
2018-01-25 10:50:45,432 [Thread-3:140032004032256] [django.request:170] [base:get_response] [WARNING]- Not Found: /favicon.ico
2018-01-25 10:55:36,108 [Thread-109:140031984797440] [django.request:170] [base:get_response] [WARNING]- Not Found: /user/login/
2018-01-25 14:43:59,424 [Thread-29:139739237185280] [django.request:170] [base:get_response] [WARNING]- Not Found: /admin/theme/data
2018-01-25 15:20:03,466 [Thread-26:140655441204992] [django.request:170] [base:get_response] [WARNING]- Not Found: /media/media/fatherDatum/5555555555_fatherDatum.jpg
2018-01-25 15:25:29,976 [Thread-23:140110683170560] [django.request:170] [base:get_response] [WARNING]- Not Found: /media/media/fatherDatum/5555555555_fatherDatum.jpg
2018-01-25 15:26:29,539 [Thread-23:140459914745600] [django.request:170] [base:get_response] [WARNING]- Not Found: /media/media/fatherDatum/5555555555_fatherDatum.jpg
2018-01-25 15:26:47,347 [Thread-23:140584518809344] [django.request:170] [base:get_response] [WARNING]- Not Found: /media/media/fatherDatum/5555555555_fatherDatum.jpg
2018-01-25 15:27:02,837 [Thread-38:140584518809344] [django.request:170] [base:get_response] [WARNING]- Not Found: /media/media/fatherDatum/5555555555_fatherDatum.jpg
2018-01-25 15:29:18,344 [Thread-23:140333240305408] [django.request:170] [base:get_response] [WARNING]- Not Found: /media/media/fatherDatum/5555555555_fatherDatum.jpg
2018-01-25 15:29:50,397 [Thread-2:140470682257152] [django.request:170] [base:get_response] [WARNING]- Not Found: /media/media/fatherDatum/5555555555_fatherDatum.jpg
2018-01-25 15:29:54,235 [Thread-24:140470596400896] [django.request:170] [base:get_response] [WARNING]- Not Found: /media/media/fatherDatum/5555555555_fatherDatum.jpg
2018-01-25 15:32:40,579 [Thread-55:140450341918464] [django.request:170] [base:get_response] [WARNING]- Not Found: /media/media/fatherDatum/5555555555_fatherDatum.jpg
2018-01-25 15:33:56,046 [Thread-23:139715883562752] [django.request:170] [base:get_response] [WARNING]- Not Found: /media/baseDatum/5555555555_baseDatum.jpg
2018-01-25 15:34:03,974 [Thread-24:139715883562752] [django.request:170] [base:get_response] [WARNING]- Not Found: /media/media/fatherDatum/5555555555_fatherDatum.jpg
2018-01-25 15:34:07,476 [Thread-25:139715883562752] [django.request:170] [base:get_response] [WARNING]- Not Found: /media/media/fatherDatum/5555555555_fatherDatum.jpg
2018-01-25 15:34:09,936 [Thread-26:139715883562752] [django.request:170] [base:get_response] [WARNING]- Not Found: /media/baseDatum/5555555555_baseDatum.jpg
2018-01-25 15:34:42,060 [Thread-33:139715883562752] [django.request:170] [base:get_response] [WARNING]- Not Found: /media/media/fatherDatum/5555555555_fatherDatum.jpg
2018-01-25 15:35:26,496 [Thread-90:139715883562752] [django.request:170] [base:get_response] [WARNING]- Not Found: /media/baseDatum/5555555555_baseDatum.jpg
2018-01-25 15:35:31,011 [Thread-91:139715883562752] [django.request:170] [base:get_response] [WARNING]- Not Found: /media/baseDatum/
2018-01-25 15:35:34,559 [Thread-92:139715883562752] [django.request:170] [base:get_response] [WARNING]- Not Found: /media/baseDatum/5555555555_baseDatum.jpg
2018-01-25 15:35:49,925 [Thread-93:139715883562752] [django.request:170] [base:get_response] [WARNING]- Not Found: /media/media/fatherDatum/5555555555_fatherDatum.jpg
2018-01-25 15:36:09,015 [Thread-95:139715883562752] [django.request:170] [base:get_response] [WARNING]- Not Found: /media/baseDatum/5555555555_baseDatum.jpg
2018-01-25 15:36:12,994 [Thread-96:139715883562752] [django.request:170] [base:get_response] [WARNING]- Not Found: /media/baseDatum/5555555555_baseDatum.jpg
2018-01-25 15:36:15,280 [Thread-97:139715883562752] [django.request:170] [base:get_response] [WARNING]- Not Found: /media/baseDatum/5555555555_baseDatum.jpg
2018-01-25 15:36:19,817 [Thread-98:139715883562752] [django.request:170] [base:get_response] [WARNING]- Not Found: //baseDatum/5555555555_baseDatum.jpg
2018-01-25 15:36:23,975 [Thread-99:139715883562752] [django.request:170] [base:get_response] [WARNING]- Not Found: /mediabaseDatum/5555555555_baseDatum.jpg
2018-01-25 15:36:31,065 [Thread-100:139715883562752] [django.request:170] [base:get_response] [WARNING]- Not Found: /media/baseDatum/5555555555_baseDatum.jpg
2018-01-25 15:36:53,401 [Thread-101:139715883562752] [django.request:170] [base:get_response] [WARNING]- Not Found: /media/baseDatum/5555555555_baseDatum.jpg
2018-01-25 15:36:54,547 [Thread-102:139715883562752] [django.request:170] [base:get_response] [WARNING]- Not Found: /mediabaseDatum/5555555555_baseDatum.jpg
2018-01-25 15:36:55,422 [Thread-103:139715883562752] [django.request:170] [base:get_response] [WARNING]- Not Found: //baseDatum/5555555555_baseDatum.jpg
2018-01-25 15:36:56,180 [Thread-104:139715883562752] [django.request:170] [base:get_response] [WARNING]- Not Found: /media/baseDatum/5555555555_baseDatum.jpg
2018-01-25 15:36:58,612 [Thread-126:139715872196352] [django.request:170] [base:get_response] [WARNING]- Not Found: /media/baseDatum/5555555555_baseDatum.jpg
2018-01-25 15:37:01,696 [Thread-127:139715872196352] [django.request:170] [base:get_response] [WARNING]- Not Found: /media/baseDatum/5555555555_baseDatum.jpg
2018-01-25 15:37:02,657 [Thread-128:139715872196352] [django.request:170] [base:get_response] [WARNING]- Not Found: /media/baseDatum/5555555555_baseDatum.jpg
2018-01-25 15:37:06,210 [Thread-129:139715872196352] [django.request:170] [base:get_response] [WARNING]- Not Found: /media/baseDatum/5555555555_baseDatum.jpg
2018-01-25 15:37:13,639 [Thread-130:139715872196352] [django.request:170] [base:get_response] [WARNING]- Not Found: //media/baseDatum/5555555555_baseDatum.jpg
2018-01-25 15:37:21,730 [Thread-131:139715872196352] [django.request:170] [base:get_response] [WARNING]- Not Found: /media/baseDatum/5555555555_baseDatum.jpg
2018-01-25 15:37:30,118 [Thread-132:139715872196352] [django.request:170] [base:get_response] [WARNING]- Not Found: /media/media/baseDatum/5555555555_baseDatum.jpg
2018-01-25 15:37:33,811 [Thread-133:139715872196352] [django.request:170] [base:get_response] [WARNING]- Not Found: /media/baseDatum/5555555555_baseDatum.jpg
2018-01-25 15:39:06,580 [Thread-23:140265224304384] [django.request:170] [base:get_response] [WARNING]- Not Found: /media/baseDatum/5555555555_baseDatum.jpg
2018-01-25 15:39:10,300 [Thread-24:140265224304384] [django.request:170] [base:get_response] [WARNING]- Not Found: /baseDatum/5555555555_baseDatum.jpg
2018-01-25 15:39:37,469 [Thread-97:140265243277056] [django.request:170] [base:get_response] [WARNING]- Not Found: /root/student/media/baseDatum/5555555555_baseDatum.jpg
2018-01-25 15:41:43,274 [Thread-93:140461968119552] [django.request:170] [base:get_response] [WARNING]- Not Found: /root/student/media/baseDatum/5555555555_baseDatum.jpg
2018-01-25 15:46:58,329 [Thread-23:140398332491520] [django.request:170] [base:get_response] [WARNING]- Not Found: /root/student/media/baseDatum/5555555555_baseDatum.jpg
2018-01-25 15:47:15,691 [Thread-76:140398368511744] [django.request:170] [base:get_response] [WARNING]- Not Found: /root/student/media/baseDatum/5555555555_baseDatum.jpg
2018-01-25 16:24:30,146 [Thread-161:139630893242112] [django.request:170] [base:get_response] [WARNING]- Not Found: /media/baseDatum/5555555555_baseDatum.jpg
2018-01-25 16:24:59,800 [Thread-192:139630876456704] [django.request:170] [base:get_response] [WARNING]- Not Found: /media/baseDatum/5555555555_baseDatum.jpg
2018-01-25 16:32:24,240 [Thread-55:140034380392192] [django.request:170] [base:get_response] [WARNING]- Not Found: /root/student/media/baseDatum/5555555555_baseDatum.jpg
2018-01-25 18:00:24,456 [Thread-120:140117286627072] [django.request:170] [base:get_response] [WARNING]- Not Found: /root/student/media/fatherDatum/5555555555_fatherDatum.jpg
2018-01-25 18:00:28,670 [Thread-121:140117286627072] [django.request:170] [base:get_response] [WARNING]- Not Found: /root/student/media/motherDatum/5555555555_motherDatum.jpg
2018-01-25 18:00:30,768 [Thread-122:140117286627072] [django.request:170] [base:get_response] [WARNING]- Not Found: /root/student/media/medicalDatum/5555555555_medicalDatum.jpg
2018-01-25 18:00:33,302 [Thread-123:140117286627072] [django.request:170] [base:get_response] [WARNING]- Not Found: /root/student/media/disasterDatum/5555555555_disasterDatum.jpg
2018-01-25 18:00:35,105 [Thread-124:140117286627072] [django.request:170] [base:get_response] [WARNING]- Not Found: /root/student/media/eventDatum/5555555555_eventDatum.jpg
2018-01-25 18:04:52,739 [Thread-125:140117286627072] [django.request:170] [base:get_response] [WARNING]- Not Found: /ubuntu/student/media/medicalDatum/5555555555_medicalDatum.jpg
2018-01-25 18:04:59,880 [Thread-126:140117286627072] [django.request:170] [base:get_response] [WARNING]- Not Found: /root/student/media/medicalDatum/5555555555_medicalDatum.jpg
2018-01-25 18:07:17,414 [Thread-23:139638916249344] [django.request:170] [base:get_response] [WARNING]- Not Found: /root/student/media/fatherDatum/5555555555_fatherDatum.jpg
2018-01-25 18:07:40,458 [Thread-77:139638907856640] [django.request:170] [base:get_response] [WARNING]- Not Found: /admin/quantization/studentanswer/5555555555/media/media/baseDatum/5555555555_baseDatum.jpg/
2018-01-25 18:11:41,896 [Thread-2:140093740672768] [django.request:170] [base:get_response] [WARNING]- Not Found: /admin/quantization/studentanswer/5555555555/media/media/baseDatum/5555555555_baseDatum.jpg/
